2022-12-06 18:01:02,196 INFO Пользователь выбрал данное число : 3
2022-12-06 18:01:02,589 INFO Пользователь выбрал данное число N: 7
2022-12-06 18:01:02,589 INFO Программа выбрала данное число: 6
2022-12-06 18:01:03,185 INFO Пользователь ввёл данное число: 1
2022-12-06 18:01:03,185 INFO Число пользователя (1) оказалось меньше, чем загаданное (6)
2022-12-06 18:01:04,156 INFO Пользователь ввёл данное число: 2
2022-12-06 18:01:04,156 INFO Число пользователя (2) оказалось меньше, чем загаданное (6)
2022-12-06 18:01:04,917 INFO Пользователь ввёл данное число: 3
2022-12-06 18:01:04,918 INFO Число пользователя (3) оказалось меньше, чем загаданное (6)
2022-12-06 18:01:04,918 INFO У пользователя кончились попытки
2022-12-06 18:08:36,704 INFO Пользователь выбрал данное число : 5
2022-12-06 18:08:37,523 INFO Пользователь выбрал данное число N: 10
2022-12-06 18:08:37,523 INFO Программа выбрала данное число: 4
2022-12-06 18:08:38,178 INFO Пользователь ввёл данное число: 1
2022-12-06 18:08:38,178 INFO Число пользователя (1) оказалось меньше, чем загаданное (4)
2022-12-06 18:08:39,057 INFO Пользователь ввёл данное число: 2
2022-12-06 18:08:39,057 INFO Число пользователя (2) оказалось меньше, чем загаданное (4)
2022-12-06 18:08:39,577 INFO Пользователь ввёл данное число: 3
2022-12-06 18:08:39,577 INFO Число пользователя (3) оказалось меньше, чем загаданное (4)
2022-12-06 18:08:40,144 INFO Пользователь ввёл данное число: 4
2022-12-06 18:08:40,144 INFO Пользователь отгадал число 4 c 3 попытки
